  [1m[36mSQL (0.3ms)[0m  [1m SELECT name
 FROM sqlite_master
 WHERE type = 'table' AND NOT name = 'sqlite_sequence'
[0m
  [1m[35mSQL (0.1ms)[0m  select sqlite_version(*)
  [1m[36mSQL (2.7ms)[0m  [1mCREATE TABLE "schema_migrations" ("version" varchar(255) NOT NULL) [0m
  [1m[35mSQL (0.1ms)[0m  PRAGMA index_list("schema_migrations")
  [1m[36mSQL (2.8ms)[0m  [1mCREATE UNIQUE INDEX "unique_schema_migrations" ON "schema_migrations" ("version")[0m
  [1m[35mSQL (0.3ms)[0m   SELECT name
 FROM sqlite_master
 WHERE type = 'table' AND NOT name = 'sqlite_sequence'
  [1m[36mSQL (0.3ms)[0m  [1m SELECT name
 FROM sqlite_master
 WHERE type = 'table' AND NOT name = 'sqlite_sequence'
[0m
  [1m[35mSQL (0.2ms)[0m  SELECT "schema_migrations"."version" FROM "schema_migrations"
Migrating to CreateTasks (20110419092129)
  [1m[36mSQL (0.5ms)[0m  [1mCREATE TABLE "tasks" ("id" INTEGER PRIMARY KEY AUTOINCREMENT NOT NULL, "name" varchar(255), "description" text, "due_date" date, "done" boolean, "created_at" datetime, "updated_at" datetime) [0m
  [1m[35mSQL (0.1ms)[0m  INSERT INTO "schema_migrations" ("version") VALUES ('20110419092129')
  [1m[36mSQL (0.2ms)[0m  [1m SELECT name
 FROM sqlite_master
 WHERE type = 'table' AND NOT name = 'sqlite_sequence'
[0m
  [1m[35mSQL (0.1ms)[0m  SELECT "schema_migrations"."version" FROM "schema_migrations"
  [1m[36mSQL (0.1ms)[0m  [1m SELECT name
 FROM sqlite_master
 WHERE type = 'table' AND NOT name = 'sqlite_sequence'
[0m
  [1m[35mSQL (0.0ms)[0m  PRAGMA index_list("tasks")
  [1m[36mSQL (0.5ms)[0m  [1m SELECT name
 FROM sqlite_master
 WHERE type = 'table' AND NOT name = 'sqlite_sequence'
[0m
  [1m[35mSQL (0.1ms)[0m   SELECT name
 FROM sqlite_master
 WHERE type = 'table' AND NOT name = 'sqlite_sequence'
  [1m[36mSQL (0.1ms)[0m  [1mSELECT "schema_migrations"."version" FROM "schema_migrations"[0m
  [1m[35mSQL (0.1ms)[0m   SELECT name
 FROM sqlite_master
 WHERE type = 'table' AND NOT name = 'sqlite_sequence'
  [1m[36mSQL (0.1ms)[0m  [1mSELECT "schema_migrations"."version" FROM "schema_migrations"[0m
Migrating to CreateTasks (20110419092129)
  [1m[35mSQL (0.1ms)[0m  select sqlite_version(*)
  [1m[36mSQL (0.6ms)[0m  [1mDROP TABLE "tasks"[0m
  [1m[35mAREL (0.1ms)[0m  DELETE FROM "schema_migrations" WHERE "schema_migrations"."version" = '20110419092129'
  [1m[36mSQL (0.2ms)[0m  [1m SELECT name
 FROM sqlite_master
 WHERE type = 'table' AND NOT name = 'sqlite_sequence'
[0m
  [1m[35mSQL (0.1ms)[0m  SELECT "schema_migrations"."version" FROM "schema_migrations"
  [1m[36mSQL (0.1ms)[0m  [1m SELECT name
 FROM sqlite_master
 WHERE type = 'table' AND NOT name = 'sqlite_sequence'
[0m
  [1m[36mSQL (0.4ms)[0m  [1m SELECT name
 FROM sqlite_master
 WHERE type = 'table' AND NOT name = 'sqlite_sequence'
[0m
  [1m[35mSQL (0.1ms)[0m   SELECT name
 FROM sqlite_master
 WHERE type = 'table' AND NOT name = 'sqlite_sequence'
  [1m[36mSQL (0.1ms)[0m  [1mSELECT "schema_migrations"."version" FROM "schema_migrations"[0m
Migrating to CreateTasks (20110419092129)
  [1m[35mSQL (0.1ms)[0m  select sqlite_version(*)
  [1m[36mSQL (0.5ms)[0m  [1mCREATE TABLE "tasks" ("id" INTEGER PRIMARY KEY AUTOINCREMENT NOT NULL, "name" varchar(255), "description" text, "due_date" date, "done" boolean, "created_at" datetime, "updated_at" datetime) [0m
  [1m[35mSQL (0.1ms)[0m  INSERT INTO "schema_migrations" ("version") VALUES ('20110419092129')
  [1m[36mSQL (0.3ms)[0m  [1m SELECT name
 FROM sqlite_master
 WHERE type = 'table' AND NOT name = 'sqlite_sequence'
[0m
  [1m[35mSQL (0.1ms)[0m  SELECT "schema_migrations"."version" FROM "schema_migrations"
  [1m[36mSQL (0.1ms)[0m  [1m SELECT name
 FROM sqlite_master
 WHERE type = 'table' AND NOT name = 'sqlite_sequence'
[0m
  [1m[35mSQL (0.0ms)[0m  PRAGMA index_list("tasks")
  [1m[36mSQL (0.5ms)[0m  [1m SELECT name
 FROM sqlite_master
 WHERE type = 'table' AND NOT name = 'sqlite_sequence'
[0m
  [1m[35mSQL (0.1ms)[0m   SELECT name
 FROM sqlite_master
 WHERE type = 'table' AND NOT name = 'sqlite_sequence'
  [1m[36mSQL (0.1ms)[0m  [1mSELECT "schema_migrations"."version" FROM "schema_migrations"[0m
  [1m[36mSQL (0.5ms)[0m  [1m SELECT name
 FROM sqlite_master
 WHERE type = 'table' AND NOT name = 'sqlite_sequence'
[0m
  [1m[35mSQL (0.1ms)[0m   SELECT name
 FROM sqlite_master
 WHERE type = 'table' AND NOT name = 'sqlite_sequence'
  [1m[36mSQL (0.1ms)[0m  [1mSELECT "schema_migrations"."version" FROM "schema_migrations"[0m
  [1m[36mSQL (0.5ms)[0m  [1m SELECT name
 FROM sqlite_master
 WHERE type = 'table' AND NOT name = 'sqlite_sequence'
[0m
  [1m[35mSQL (0.1ms)[0m   SELECT name
 FROM sqlite_master
 WHERE type = 'table' AND NOT name = 'sqlite_sequence'
  [1m[36mSQL (0.1ms)[0m  [1mSELECT "schema_migrations"."version" FROM "schema_migrations"[0m
  [1m[35mAREL (0.5ms)[0m  INSERT INTO "tasks" ("name", "description", "due_date", "done", "created_at", "updated_at") VALUES ('buy stamps', 'this is examplethis is examplethis is examplethis is examplethis is examplethis is examplethis is examplethis is examplethis is examplethis is examplethis is examplethis is examplethis is examplethis is examplethis is examplethis is examplethis is examplethis is examplethis is examplethis is example', '2011-04-17 09:35:41.717144', 't', '2011-04-19 09:35:41.811281', '2011-04-19 09:35:41.811281')
  [1m[36mAREL (0.3ms)[0m  [1mINSERT INTO "tasks" ("name", "description", "due_date", "done", "created_at", "updated_at") VALUES ('write report', 'this is examplethis is examplethis is examplethis is examplethis is examplethis is examplethis is examplethis is examplethis is examplethis is examplethis is examplethis is examplethis is examplethis is examplethis is examplethis is examplethis is examplethis is examplethis is examplethis is example', '2011-04-18 09:35:41.931943', 'f', '2011-04-19 09:35:41.932738', '2011-04-19 09:35:41.932738')[0m
  [1m[35mAREL (0.6ms)[0m  INSERT INTO "tasks" ("name", "description", "due_date", "done", "created_at", "updated_at") VALUES ('pay', 'this is examplethis is examplethis is examplethis is examplethis is examplethis is examplethis is examplethis is examplethis is examplethis is examplethis is examplethis is examplethis is examplethis is examplethis is examplethis is examplethis is examplethis is examplethis is examplethis is example', '2011-04-19 09:35:41.936748', 'f', '2011-04-19 09:35:41.937352', '2011-04-19 09:35:41.937352')
  [1m[36mSQL (0.5ms)[0m  [1m SELECT name
 FROM sqlite_master
 WHERE type = 'table' AND NOT name = 'sqlite_sequence'
[0m
  [1m[35mSQL (0.1ms)[0m   SELECT name
 FROM sqlite_master
 WHERE type = 'table' AND NOT name = 'sqlite_sequence'
  [1m[36mSQL (0.1ms)[0m  [1mSELECT "schema_migrations"."version" FROM "schema_migrations"[0m
  [1m[36mSQL (0.5ms)[0m  [1m SELECT name
 FROM sqlite_master
 WHERE type = 'table' AND NOT name = 'sqlite_sequence'
[0m
  [1m[35mSQL (0.1ms)[0m   SELECT name
 FROM sqlite_master
 WHERE type = 'table' AND NOT name = 'sqlite_sequence'
  [1m[36mSQL (0.1ms)[0m  [1mSELECT "schema_migrations"."version" FROM "schema_migrations"[0m
  [1m[35mAREL (17.0ms)[0m  INSERT INTO "tasks" ("name", "description", "due_date", "done", "created_at", "updated_at") VALUES ('buy hogehoge', 'this is examplethis is examplethis is examplethis is examplethis is examplethis is examplethis is examplethis is examplethis is examplethis is examplethis is examplethis is examplethis is examplethis is examplethis is examplethis is examplethis is examplethis is examplethis is examplethis is example', '2011-04-24 09:17:03.686603', 't', '2011-04-26 09:17:03.753136', '2011-04-26 09:17:03.753136')
  [1m[36mAREL (0.4ms)[0m  [1mINSERT INTO "tasks" ("name", "description", "due_date", "done", "created_at", "updated_at") VALUES ('write report', 'this is examplethis is examplethis is examplethis is examplethis is examplethis is examplethis is examplethis is examplethis is examplethis is examplethis is examplethis is examplethis is examplethis is examplethis is examplethis is examplethis is examplethis is examplethis is examplethis is example', '2011-04-25 09:17:03.891923', 'f', '2011-04-26 09:17:03.892708', '2011-04-26 09:17:03.892708')[0m
  [1m[35mAREL (0.3ms)[0m  INSERT INTO "tasks" ("name", "description", "due_date", "done", "created_at", "updated_at") VALUES ('pay', 'this is examplethis is examplethis is examplethis is examplethis is examplethis is examplethis is examplethis is examplethis is examplethis is examplethis is examplethis is examplethis is examplethis is examplethis is examplethis is examplethis is examplethis is examplethis is examplethis is example', '2011-04-26 09:17:03.896782', 'f', '2011-04-26 09:17:03.897476', '2011-04-26 09:17:03.897476')
  [1m[36mSQL (0.5ms)[0m  [1m SELECT name
 FROM sqlite_master
 WHERE type = 'table' AND NOT name = 'sqlite_sequence'
[0m
  [1m[35mSQL (0.1ms)[0m   SELECT name
 FROM sqlite_master
 WHERE type = 'table' AND NOT name = 'sqlite_sequence'
  [1m[36mSQL (0.1ms)[0m  [1mSELECT "schema_migrations"."version" FROM "schema_migrations"[0m
  [1m[35mAREL (0.5ms)[0m  INSERT INTO "tasks" ("name", "description", "due_date", "done", "created_at", "updated_at") VALUES ('ほげほげ', 'this is examplethis is examplethis is examplethis is examplethis is examplethis is examplethis is examplethis is examplethis is examplethis is examplethis is examplethis is examplethis is examplethis is examplethis is examplethis is examplethis is examplethis is examplethis is examplethis is example', '2011-04-24 09:18:19.387881', 't', '2011-04-26 09:18:19.399353', '2011-04-26 09:18:19.399353')
  [1m[36mAREL (0.4ms)[0m  [1mINSERT INTO "tasks" ("name", "description", "due_date", "done", "created_at", "updated_at") VALUES ('write report', 'this is examplethis is examplethis is examplethis is examplethis is examplethis is examplethis is examplethis is examplethis is examplethis is examplethis is examplethis is examplethis is examplethis is examplethis is examplethis is examplethis is examplethis is examplethis is examplethis is example', '2011-04-25 09:18:19.535996', 'f', '2011-04-26 09:18:19.536994', '2011-04-26 09:18:19.536994')[0m
  [1m[35mAREL (0.5ms)[0m  INSERT INTO "tasks" ("name", "description", "due_date", "done", "created_at", "updated_at") VALUES ('pay', 'this is examplethis is examplethis is examplethis is examplethis is examplethis is examplethis is examplethis is examplethis is examplethis is examplethis is examplethis is examplethis is examplethis is examplethis is examplethis is examplethis is examplethis is examplethis is examplethis is example', '2011-04-26 09:18:19.542184', 'f', '2011-04-26 09:18:19.543101', '2011-04-26 09:18:19.543101')


Started GET "/tasks" for 127.0.0.1 at 2011-05-10 18:26:39 +0900

ActionController::RoutingError (No route matches "/tasks"):
  

Rendered /usr/local/lib/ruby/gems/1.9.1/gems/actionpack-3.0.4/lib/action_dispatch/middleware/templates/rescues/routing_error.erb within rescues/layout (1.1ms)


Started GET "/tasks/" for 127.0.0.1 at 2011-05-10 18:26:48 +0900

ActionController::RoutingError (No route matches "/tasks"):
  

Rendered /usr/local/lib/ruby/gems/1.9.1/gems/actionpack-3.0.4/lib/action_dispatch/middleware/templates/rescues/routing_error.erb within rescues/layout (1.0ms)


Started GET "/tasks/index" for 127.0.0.1 at 2011-05-10 18:27:30 +0900
  Processing by TasksController#index as HTML
  [1m[36mSQL (0.5ms)[0m  [1m SELECT name
 FROM sqlite_master
 WHERE type = 'table' AND NOT name = 'sqlite_sequence'
[0m
Rendered tasks/index.html.erb within layouts/application (2.2ms)
Completed 200 OK in 172ms (Views: 7.2ms | ActiveRecord: 0.5ms)


Started GET "/tasks" for 127.0.0.1 at 2011-05-10 18:42:02 +0900

ActionController::RoutingError (No route matches "/tasks"):
  

Rendered /usr/local/lib/ruby/gems/1.9.1/gems/actionpack-3.0.4/lib/action_dispatch/middleware/templates/rescues/routing_error.erb within rescues/layout (1.1ms)


Started GET "/tasks/index.html" for 127.0.0.1 at 2011-05-10 18:42:10 +0900
  Processing by TasksController#index as HTML
  [1m[36mSQL (0.5ms)[0m  [1m SELECT name
 FROM sqlite_master
 WHERE type = 'table' AND NOT name = 'sqlite_sequence'
[0m
  [1m[35mTask Load (17.4ms)[0m  SELECT "tasks".* FROM "tasks" WHERE "tasks"."done" = 'f'
Rendered tasks/index.html.erb within layouts/application (65.0ms)
Completed 200 OK in 181ms (Views: 52.6ms | ActiveRecord: 17.9ms)


Started GET "/tasks" for 127.0.0.1 at 2011-05-17 18:08:04 +0900

ActionController::RoutingError (No route matches "/tasks"):
  

Rendered /usr/local/lib/ruby/gems/1.9.1/gems/actionpack-3.0.4/lib/action_dispatch/middleware/templates/rescues/routing_error.erb within rescues/layout (1.2ms)


Started GET "/tasks/index" for 127.0.0.1 at 2011-05-17 18:08:21 +0900
  Processing by TasksController#index as HTML
  [1m[36mSQL (0.5ms)[0m  [1m SELECT name
 FROM sqlite_master
 WHERE type = 'table' AND NOT name = 'sqlite_sequence'
[0m
  [1m[35mTask Load (18.5ms)[0m  SELECT "tasks".* FROM "tasks" WHERE "tasks"."done" = 'f'
Rendered tasks/index.html.erb within layouts/application (59.2ms)
Completed 200 OK in 245ms (Views: 62.5ms | ActiveRecord: 19.1ms)


Started GET "/tasks/index" for 127.0.0.1 at 2011-05-17 18:10:40 +0900
  Processing by TasksController#index as HTML
  [1m[36mSQL (0.5ms)[0m  [1m SELECT name
 FROM sqlite_master
 WHERE type = 'table' AND NOT name = 'sqlite_sequence'
[0m
  [1m[35mTask Load (0.4ms)[0m  SELECT "tasks".* FROM "tasks" WHERE "tasks"."done" = 'f'
Rendered tasks/index.html.erb within layouts/application (83.6ms)
Completed   in 199ms

ActionView::Template::Error (undefined method `task_path' for #<#<Class:0x0000010235d088>:0x0000010235b198>):
    5:   <col class="due_date" />
    6:   <% @tasks.each do |task| %>
    7:     <tr>
    8:       <td><%= link_to task.name, task %></td>
    9:       <td><%= task.due_date %></td>
    10:     </tr>
    11:   <% end %>
  app/views/tasks/index.html.erb:8:in `block in _app_views_tasks_index_html_erb__2336554136799611495_2166016800_3870795727245500216'
  app/views/tasks/index.html.erb:6:in `_app_views_tasks_index_html_erb__2336554136799611495_2166016800_3870795727245500216'

Rendered /usr/local/lib/ruby/gems/1.9.1/gems/actionpack-3.0.4/lib/action_dispatch/middleware/templates/rescues/_trace.erb (2.2ms)
Rendered /usr/local/lib/ruby/gems/1.9.1/gems/actionpack-3.0.4/lib/action_dispatch/middleware/templates/rescues/_request_and_response.erb (5.5ms)
Rendered /usr/local/lib/ruby/gems/1.9.1/gems/actionpack-3.0.4/lib/action_dispatch/middleware/templates/rescues/template_error.erb within rescues/layout (19.4ms)


Started GET "/tasks/index" for 127.0.0.1 at 2011-05-17 18:12:59 +0900

AbstractController::ActionNotFound (The action 'show' could not be found for TasksController):
  

Rendered /usr/local/lib/ruby/gems/1.9.1/gems/actionpack-3.0.4/lib/action_dispatch/middleware/templates/rescues/unknown_action.erb within rescues/layout (1.2ms)


Started GET "/tasks/" for 127.0.0.1 at 2011-05-17 18:13:14 +0900
  Processing by TasksController#index as HTML
  [1m[36mSQL (0.5ms)[0m  [1m SELECT name
 FROM sqlite_master
 WHERE type = 'table' AND NOT name = 'sqlite_sequence'
[0m
  [1m[35mTask Load (0.4ms)[0m  SELECT "tasks".* FROM "tasks" WHERE "tasks"."done" = 'f'
Rendered tasks/index.html.erb within layouts/application (29.8ms)
Completed 200 OK in 143ms (Views: 34.4ms | ActiveRecord: 0.8ms)


Started GET "/tasks/2" for 127.0.0.1 at 2011-05-17 18:13:30 +0900

AbstractController::ActionNotFound (The action 'show' could not be found for TasksController):
  

Rendered /usr/local/lib/ruby/gems/1.9.1/gems/actionpack-3.0.4/lib/action_dispatch/middleware/templates/rescues/unknown_action.erb within rescues/layout (0.8ms)


Started GET "/tasks/2" for 127.0.0.1 at 2011-05-17 18:17:35 +0900
  Processing by TasksController#show as HTML
  Parameters: {"id"=>"2"}
  [1m[36mSQL (0.2ms)[0m  [1m SELECT name
 FROM sqlite_master
 WHERE type = 'table' AND NOT name = 'sqlite_sequence'
[0m
  [1m[35mTask Load (0.3ms)[0m  SELECT "tasks".* FROM "tasks" WHERE "tasks"."id" = 2 LIMIT 1
Rendered tasks/show.html.erb within layouts/application (7.9ms)
Completed 200 OK in 126ms (Views: 12.9ms | ActiveRecord: 0.5ms)


Started GET "/tasks/2" for 127.0.0.1 at 2011-05-17 18:19:00 +0900
  Processing by TasksController#show as HTML
  Parameters: {"id"=>"2"}
  [1m[36mSQL (0.5ms)[0m  [1m SELECT name
 FROM sqlite_master
 WHERE type = 'table' AND NOT name = 'sqlite_sequence'
[0m
  [1m[35mTask Load (0.2ms)[0m  SELECT "tasks".* FROM "tasks" WHERE "tasks"."id" = 2 LIMIT 1
Rendered tasks/show.html.erb within layouts/application (11.1ms)
Completed 200 OK in 99ms (Views: 16.0ms | ActiveRecord: 0.8ms)


Started GET "/tasks/2" for 127.0.0.1 at 2011-05-17 18:24:35 +0900
  Processing by TasksController#show as HTML
  Parameters: {"id"=>"2"}
  [1m[36mSQL (0.5ms)[0m  [1m SELECT name
 FROM sqlite_master
 WHERE type = 'table' AND NOT name = 'sqlite_sequence'
[0m
  [1m[35mTask Load (0.2ms)[0m  SELECT "tasks".* FROM "tasks" WHERE "tasks"."id" = 2 LIMIT 1
Rendered tasks/show.html.erb within layouts/application (92.2ms)
Completed 200 OK in 182ms (Views: 97.3ms | ActiveRecord: 0.8ms)


Started GET "/tasks/2" for 127.0.0.1 at 2011-05-17 18:24:56 +0900
  Processing by TasksController#show as HTML
  Parameters: {"id"=>"2"}
  [1m[36mTask Load (0.2ms)[0m  [1mSELECT "tasks".* FROM "tasks" WHERE "tasks"."id" = 2 LIMIT 1[0m
Rendered tasks/show.html.erb within layouts/application (10.7ms)
Completed 200 OK in 25ms (Views: 14.9ms | ActiveRecord: 0.2ms)


Started GET "/tasks" for 127.0.0.1 at 2011-05-17 18:26:17 +0900
  Processing by TasksController#index as HTML
  [1m[35mTask Load (0.4ms)[0m  SELECT "tasks".* FROM "tasks" WHERE "tasks"."done" = 'f'
Rendered tasks/index.html.erb within layouts/application (25.0ms)
Completed 200 OK in 97ms (Views: 29.2ms | ActiveRecord: 0.4ms)


Started GET "/tasks/3" for 127.0.0.1 at 2011-05-17 18:26:19 +0900
  Processing by TasksController#show as HTML
  Parameters: {"id"=>"3"}
  [1m[36mTask Load (0.2ms)[0m  [1mSELECT "tasks".* FROM "tasks" WHERE "tasks"."id" = 3 LIMIT 1[0m
Rendered tasks/show.html.erb within layouts/application (11.2ms)
Completed 200 OK in 25ms (Views: 15.4ms | ActiveRecord: 0.2ms)


Started GET "/tasks" for 127.0.0.1 at 2011-05-17 18:26:24 +0900
  Processing by TasksController#index as HTML
  [1m[35mTask Load (0.4ms)[0m  SELECT "tasks".* FROM "tasks" WHERE "tasks"."done" = 'f'
Rendered tasks/index.html.erb within layouts/application (14.6ms)
Completed 200 OK in 27ms (Views: 18.5ms | ActiveRecord: 0.4ms)


Started GET "/tasks/5" for 127.0.0.1 at 2011-05-17 18:26:26 +0900
  Processing by TasksController#show as HTML
  Parameters: {"id"=>"5"}
  [1m[36mTask Load (0.2ms)[0m  [1mSELECT "tasks".* FROM "tasks" WHERE "tasks"."id" = 5 LIMIT 1[0m
Rendered tasks/show.html.erb within layouts/application (10.4ms)
Completed 200 OK in 24ms (Views: 14.6ms | ActiveRecord: 0.2ms)


Started GET "/tasks" for 127.0.0.1 at 2011-05-17 18:26:28 +0900
  Processing by TasksController#index as HTML
  [1m[35mTask Load (0.4ms)[0m  SELECT "tasks".* FROM "tasks" WHERE "tasks"."done" = 'f'
Rendered tasks/index.html.erb within layouts/application (49.3ms)
Completed 200 OK in 63ms (Views: 53.4ms | ActiveRecord: 0.4ms)


Started GET "/tasks/6" for 127.0.0.1 at 2011-05-17 18:26:29 +0900
  Processing by TasksController#show as HTML
  Parameters: {"id"=>"6"}
  [1m[36mTask Load (0.2ms)[0m  [1mSELECT "tasks".* FROM "tasks" WHERE "tasks"."id" = 6 LIMIT 1[0m
Rendered tasks/show.html.erb within layouts/application (10.1ms)
Completed 200 OK in 24ms (Views: 14.3ms | ActiveRecord: 0.2ms)


Started GET "/tasks" for 127.0.0.1 at 2011-05-17 18:26:30 +0900
  Processing by TasksController#index as HTML
  [1m[35mTask Load (0.4ms)[0m  SELECT "tasks".* FROM "tasks" WHERE "tasks"."done" = 'f'
Rendered tasks/index.html.erb within layouts/application (14.9ms)
Completed 200 OK in 28ms (Views: 18.8ms | ActiveRecord: 0.4ms)


Started GET "/tasks/8" for 127.0.0.1 at 2011-05-17 18:26:31 +0900
  Processing by TasksController#show as HTML
  Parameters: {"id"=>"8"}
  [1m[36mTask Load (0.2ms)[0m  [1mSELECT "tasks".* FROM "tasks" WHERE "tasks"."id" = 8 LIMIT 1[0m
Rendered tasks/show.html.erb within layouts/application (10.0ms)
Completed 200 OK in 23ms (Views: 14.1ms | ActiveRecord: 0.2ms)


Started GET "/tasks" for 127.0.0.1 at 2011-05-17 18:26:32 +0900
  Processing by TasksController#index as HTML
  [1m[35mTask Load (0.4ms)[0m  SELECT "tasks".* FROM "tasks" WHERE "tasks"."done" = 'f'
Rendered tasks/index.html.erb within layouts/application (14.6ms)
Completed 200 OK in 27ms (Views: 18.6ms | ActiveRecord: 0.4ms)


Started GET "/tasks/9" for 127.0.0.1 at 2011-05-17 18:26:33 +0900
  Processing by TasksController#show as HTML
  Parameters: {"id"=>"9"}
  [1m[36mTask Load (0.2ms)[0m  [1mSELECT "tasks".* FROM "tasks" WHERE "tasks"."id" = 9 LIMIT 1[0m
Rendered tasks/show.html.erb within layouts/application (44.0ms)
Completed 200 OK in 58ms (Views: 48.3ms | ActiveRecord: 0.2ms)


Started GET "/tasks" for 127.0.0.1 at 2011-05-17 18:26:35 +0900
  Processing by TasksController#index as HTML
  [1m[35mTask Load (0.4ms)[0m  SELECT "tasks".* FROM "tasks" WHERE "tasks"."done" = 'f'
Rendered tasks/index.html.erb within layouts/application (15.1ms)
Completed 200 OK in 29ms (Views: 19.2ms | ActiveRecord: 0.4ms)


Started GET "/tasks/6" for 127.0.0.1 at 2011-05-17 18:26:38 +0900
  Processing by TasksController#show as HTML
  Parameters: {"id"=>"6"}
  [1m[36mTask Load (0.2ms)[0m  [1mSELECT "tasks".* FROM "tasks" WHERE "tasks"."id" = 6 LIMIT 1[0m
Rendered tasks/show.html.erb within layouts/application (10.6ms)
Completed 200 OK in 24ms (Views: 14.8ms | ActiveRecord: 0.2ms)


Started GET "/tasks" for 127.0.0.1 at 2011-05-17 18:26:40 +0900
  Processing by TasksController#index as HTML
  [1m[35mTask Load (0.4ms)[0m  SELECT "tasks".* FROM "tasks" WHERE "tasks"."done" = 'f'
Rendered tasks/index.html.erb within layouts/application (14.5ms)
Completed 200 OK in 62ms (Views: 18.5ms | ActiveRecord: 0.4ms)


Started GET "/tasks/8" for 127.0.0.1 at 2011-05-17 18:26:41 +0900
  Processing by TasksController#show as HTML
  Parameters: {"id"=>"8"}
  [1m[36mTask Load (0.2ms)[0m  [1mSELECT "tasks".* FROM "tasks" WHERE "tasks"."id" = 8 LIMIT 1[0m
Rendered tasks/show.html.erb within layouts/application (10.1ms)
Completed 200 OK in 23ms (Views: 14.3ms | ActiveRecord: 0.2ms)


Started GET "/tasks" for 127.0.0.1 at 2011-05-17 18:26:43 +0900
  Processing by TasksController#index as HTML
  [1m[35mTask Load (0.4ms)[0m  SELECT "tasks".* FROM "tasks" WHERE "tasks"."done" = 'f'
Rendered tasks/index.html.erb within layouts/application (47.9ms)
Completed 200 OK in 61ms (Views: 51.7ms | ActiveRecord: 0.4ms)


Started GET "/tasks/2" for 127.0.0.1 at 2011-05-17 18:26:45 +0900
  Processing by TasksController#show as HTML
  Parameters: {"id"=>"2"}
  [1m[36mTask Load (0.2ms)[0m  [1mSELECT "tasks".* FROM "tasks" WHERE "tasks"."id" = 2 LIMIT 1[0m
Rendered tasks/show.html.erb within layouts/application (10.1ms)
Completed 200 OK in 24ms (Views: 14.4ms | ActiveRecord: 0.2ms)


Started GET "/tasks/2" for 127.0.0.1 at 2011-05-17 18:28:53 +0900
  Processing by TasksController#show as HTML
  Parameters: {"id"=>"2"}
  [1m[36mSQL (0.6ms)[0m  [1m SELECT name
 FROM sqlite_master
 WHERE type = 'table' AND NOT name = 'sqlite_sequence'
[0m
  [1m[35mTask Load (0.2ms)[0m  SELECT "tasks".* FROM "tasks" WHERE "tasks"."id" = 2 LIMIT 1
Rendered tasks/show.html.erb within layouts/application (29.0ms)
Completed 200 OK in 117ms (Views: 34.1ms | ActiveRecord: 0.9ms)


Started GET "/articles" for 127.0.0.1 at 2011-05-31 18:11:59 +0900

ActionController::RoutingError (No route matches "/articles"):
  

Rendered /usr/local/lib/ruby/gems/1.9.1/gems/actionpack-3.0.4/lib/action_dispatch/middleware/templates/rescues/routing_error.erb within rescues/layout (1.4ms)


Started GET "/tasks" for 127.0.0.1 at 2011-05-31 18:12:07 +0900
  Processing by TasksController#index as HTML
  [1m[36mSQL (0.5ms)[0m  [1m SELECT name
 FROM sqlite_master
 WHERE type = 'table' AND NOT name = 'sqlite_sequence'
[0m
  [1m[35mTask Load (17.7ms)[0m  SELECT "tasks".* FROM "tasks" WHERE "tasks"."done" = 'f'
Rendered tasks/index.html.erb within layouts/application (74.6ms)
Completed 200 OK in 262ms (Views: 84.1ms | ActiveRecord: 18.1ms)


Started GET "/tasks/2" for 127.0.0.1 at 2011-05-31 18:13:33 +0900
  Processing by TasksController#show as HTML
  Parameters: {"id"=>"2"}
  [1m[36mTask Load (0.2ms)[0m  [1mSELECT "tasks".* FROM "tasks" WHERE "tasks"."id" = 2 LIMIT 1[0m
Rendered tasks/show.html.erb within layouts/application (46.1ms)
Completed 200 OK in 82ms (Views: 73.3ms | ActiveRecord: 0.2ms)


Started GET "/tasks/2" for 127.0.0.1 at 2011-05-31 18:24:05 +0900
  Processing by TasksController#show as HTML
  Parameters: {"id"=>"2"}
  [1m[36mSQL (0.5ms)[0m  [1m SELECT name
 FROM sqlite_master
 WHERE type = 'table' AND NOT name = 'sqlite_sequence'
[0m
  [1m[35mTask Load (0.2ms)[0m  SELECT "tasks".* FROM "tasks" WHERE "tasks"."id" = 2 LIMIT 1
ERROR: compiling _app_views_tasks_show_html_erb__3886292565220734975_2154254920__1181379189047226402 RAISED /Users/koichiyanagimoto/work/hinagiku/app/views/tasks/show.html.erb:2: syntax error, unexpected '<'
<div id="task_due_date">');@ou...
 ^
/Users/koichiyanagimoto/work/hinagiku/app/views/tasks/show.html.erb:3: unknown regexp options - dv
unmatched close parenthesis: /div>
<div id="task_description">');@output_buffer.append= ( #simple_format(@task.description) );@output_buffer.safe_concat('</i
/Users/koichiyanagimoto/work/hinagiku/app/views/tasks/show.html.erb:5: unterminated string meets end of file
/Users/koichiyanagimoto/work/hinagiku/app/views/tasks/show.html.erb:5: syntax error, unexpected $end, expecting ')'
Function body:           def _app_views_tasks_show_html_erb__3886292565220734975_2154254920__1181379189047226402(local_assigns)
            _old_virtual_path, @_virtual_path = @_virtual_path, "tasks/show";_old_output_buffer = @output_buffer;;@output_buffer = ActionView::OutputBuffer.new;@output_buffer.safe_concat('<h1>Task: ');@output_buffer.append= ( #@task.name );@output_buffer.safe_concat('</h1>
<div id="task_due_date">');@output_buffer.append= ( #@task.due_date );@output_buffer.safe_concat('</div>
<div id="task_description">');@output_buffer.append= ( #simple_format(@task.description) );@output_buffer.safe_concat('</div>
');@output_buffer.append= ( link_to "Task List", :tasks );@output_buffer.safe_concat('
');@output_buffer.to_s
          ensure
            @_virtual_path, @output_buffer = _old_virtual_path, _old_output_buffer
          end
Backtrace: /usr/local/lib/ruby/gems/1.9.1/gems/actionpack-3.0.4/lib/action_view/template.rb:255:in `module_eval'
/usr/local/lib/ruby/gems/1.9.1/gems/actionpack-3.0.4/lib/action_view/template.rb:255:in `compile'
/usr/local/lib/ruby/gems/1.9.1/gems/actionpack-3.0.4/lib/action_view/template.rb:134:in `block in render'
/usr/local/lib/ruby/gems/1.9.1/gems/activesupport-3.0.4/lib/active_support/notifications.rb:54:in `instrument'
/usr/local/lib/ruby/gems/1.9.1/gems/actionpack-3.0.4/lib/action_view/template.rb:127:in `render'
/usr/local/lib/ruby/gems/1.9.1/gems/actionpack-3.0.4/lib/action_view/render/rendering.rb:59:in `block in _render_template'
/usr/local/lib/ruby/gems/1.9.1/gems/activesupport-3.0.4/lib/active_support/notifications.rb:52:in `block in instrument'
/usr/local/lib/ruby/gems/1.9.1/gems/activesupport-3.0.4/lib/active_support/notifications/instrumenter.rb:21:in `instrument'
/usr/local/lib/ruby/gems/1.9.1/gems/activesupport-3.0.4/lib/active_support/notifications.rb:52:in `instrument'
/usr/local/lib/ruby/gems/1.9.1/gems/actionpack-3.0.4/lib/action_view/render/rendering.rb:56:in `_render_template'
/usr/local/lib/ruby/gems/1.9.1/gems/actionpack-3.0.4/lib/action_view/render/rendering.rb:26:in `render'
/usr/local/lib/ruby/gems/1.9.1/gems/actionpack-3.0.4/lib/abstract_controller/rendering.rb:115:in `_render_template'
/usr/local/lib/ruby/gems/1.9.1/gems/actionpack-3.0.4/lib/abstract_controller/rendering.rb:109:in `render_to_body'
/usr/local/lib/ruby/gems/1.9.1/gems/actionpack-3.0.4/lib/action_controller/metal/renderers.rb:47:in `render_to_body'
/usr/local/lib/ruby/gems/1.9.1/gems/actionpack-3.0.4/lib/action_controller/metal/compatibility.rb:55:in `render_to_body'
/usr/local/lib/ruby/gems/1.9.1/gems/actionpack-3.0.4/lib/abstract_controller/rendering.rb:102:in `render_to_string'
/usr/local/lib/ruby/gems/1.9.1/gems/actionpack-3.0.4/lib/abstract_controller/rendering.rb:93:in `render'
/usr/local/lib/ruby/gems/1.9.1/gems/actionpack-3.0.4/lib/action_controller/metal/rendering.rb:17:in `render'
/usr/local/lib/ruby/gems/1.9.1/gems/actionpack-3.0.4/lib/action_controller/metal/instrumentation.rb:40:in `block (2 levels) in render'
/usr/local/lib/ruby/gems/1.9.1/gems/activesupport-3.0.4/lib/active_support/core_ext/benchmark.rb:5:in `block in ms'
/usr/local/lib/ruby/1.9.1/benchmark.rb:309:in `realtime'
/usr/local/lib/ruby/gems/1.9.1/gems/activesupport-3.0.4/lib/active_support/core_ext/benchmark.rb:5:in `ms'
/usr/local/lib/ruby/gems/1.9.1/gems/actionpack-3.0.4/lib/action_controller/metal/instrumentation.rb:40:in `block in render'
/usr/local/lib/ruby/gems/1.9.1/gems/actionpack-3.0.4/lib/action_controller/metal/instrumentation.rb:78:in `cleanup_view_runtime'
/usr/local/lib/ruby/gems/1.9.1/gems/activerecord-3.0.4/lib/active_record/railties/controller_runtime.rb:15:in `cleanup_view_runtime'
/usr/local/lib/ruby/gems/1.9.1/gems/actionpack-3.0.4/lib/action_controller/metal/instrumentation.rb:39:in `render'
/usr/local/lib/ruby/gems/1.9.1/gems/actionpack-3.0.4/lib/action_controller/metal/implicit_render.rb:10:in `default_render'
/usr/local/lib/ruby/gems/1.9.1/gems/actionpack-3.0.4/lib/action_controller/metal/implicit_render.rb:5:in `send_action'
/usr/local/lib/ruby/gems/1.9.1/gems/actionpack-3.0.4/lib/abstract_controller/base.rb:150:in `process_action'
/usr/local/lib/ruby/gems/1.9.1/gems/actionpack-3.0.4/lib/action_controller/metal/rendering.rb:11:in `process_action'
/usr/local/lib/ruby/gems/1.9.1/gems/actionpack-3.0.4/lib/abstract_controller/callbacks.rb:18:in `block in process_action'
/usr/local/lib/ruby/gems/1.9.1/gems/activesupport-3.0.4/lib/active_support/callbacks.rb:435:in `_run__398119160942792754__process_action__4532587789391256526__callbacks'
/usr/local/lib/ruby/gems/1.9.1/gems/activesupport-3.0.4/lib/active_support/callbacks.rb:409:in `_run_process_action_callbacks'
/usr/local/lib/ruby/gems/1.9.1/gems/activesupport-3.0.4/lib/active_support/callbacks.rb:93:in `run_callbacks'
/usr/local/lib/ruby/gems/1.9.1/gems/actionpack-3.0.4/lib/abstract_controller/callbacks.rb:17:in `process_action'
/usr/local/lib/ruby/gems/1.9.1/gems/actionpack-3.0.4/lib/action_controller/metal/instrumentation.rb:30:in `block in process_action'
/usr/local/lib/ruby/gems/1.9.1/gems/activesupport-3.0.4/lib/active_support/notifications.rb:52:in `block in instrument'
/usr/local/lib/ruby/gems/1.9.1/gems/activesupport-3.0.4/lib/active_support/notifications/instrumenter.rb:21:in `instrument'
/usr/local/lib/ruby/gems/1.9.1/gems/activesupport-3.0.4/lib/active_support/notifications.rb:52:in `instrument'
/usr/local/lib/ruby/gems/1.9.1/gems/actionpack-3.0.4/lib/action_controller/metal/instrumentation.rb:29:in `process_action'
/usr/local/lib/ruby/gems/1.9.1/gems/actionpack-3.0.4/lib/action_controller/metal/rescue.rb:17:in `process_action'
/usr/local/lib/ruby/gems/1.9.1/gems/actionpack-3.0.4/lib/abstract_controller/base.rb:119:in `process'
/usr/local/lib/ruby/gems/1.9.1/gems/actionpack-3.0.4/lib/abstract_controller/rendering.rb:41:in `process'
/usr/local/lib/ruby/gems/1.9.1/gems/actionpack-3.0.4/lib/action_controller/metal.rb:138:in `dispatch'
/usr/local/lib/ruby/gems/1.9.1/gems/actionpack-3.0.4/lib/action_controller/metal/rack_delegation.rb:14:in `dispatch'
/usr/local/lib/ruby/gems/1.9.1/gems/actionpack-3.0.4/lib/action_controller/metal.rb:178:in `block in action'
/usr/local/lib/ruby/gems/1.9.1/gems/actionpack-3.0.4/lib/action_dispatch/routing/route_set.rb:62:in `call'
/usr/local/lib/ruby/gems/1.9.1/gems/actionpack-3.0.4/lib/action_dispatch/routing/route_set.rb:62:in `dispatch'
/usr/local/lib/ruby/gems/1.9.1/gems/actionpack-3.0.4/lib/action_dispatch/routing/route_set.rb:27:in `call'
/usr/local/lib/ruby/gems/1.9.1/gems/rack-mount-0.6.13/lib/rack/mount/route_set.rb:148:in `block in call'
/usr/local/lib/ruby/gems/1.9.1/gems/rack-mount-0.6.13/lib/rack/mount/code_generation.rb:93:in `block in recognize'
/usr/local/lib/ruby/gems/1.9.1/gems/rack-mount-0.6.13/lib/rack/mount/code_generation.rb:82:in `optimized_each'
/usr/local/lib/ruby/gems/1.9.1/gems/rack-mount-0.6.13/lib/rack/mount/code_generation.rb:92:in `recognize'
/usr/local/lib/ruby/gems/1.9.1/gems/rack-mount-0.6.13/lib/rack/mount/route_set.rb:139:in `call'
/usr/local/lib/ruby/gems/1.9.1/gems/actionpack-3.0.4/lib/action_dispatch/routing/route_set.rb:492:in `call'
/usr/local/lib/ruby/gems/1.9.1/gems/actionpack-3.0.4/lib/action_dispatch/middleware/best_standards_support.rb:17:in `call'
/usr/local/lib/ruby/gems/1.9.1/gems/actionpack-3.0.4/lib/action_dispatch/middleware/head.rb:14:in `call'
/usr/local/lib/ruby/gems/1.9.1/gems/rack-1.2.1/lib/rack/methodoverride.rb:24:in `call'
/usr/local/lib/ruby/gems/1.9.1/gems/actionpack-3.0.4/lib/action_dispatch/middleware/params_parser.rb:21:in `call'
/usr/local/lib/ruby/gems/1.9.1/gems/actionpack-3.0.4/lib/action_dispatch/middleware/flash.rb:182:in `call'
/usr/local/lib/ruby/gems/1.9.1/gems/actionpack-3.0.4/lib/action_dispatch/middleware/session/abstract_store.rb:149:in `call'
/usr/local/lib/ruby/gems/1.9.1/gems/actionpack-3.0.4/lib/action_dispatch/middleware/cookies.rb:302:in `call'
/usr/local/lib/ruby/gems/1.9.1/gems/activerecord-3.0.4/lib/active_record/query_cache.rb:32:in `block in call'
/usr/local/lib/ruby/gems/1.9.1/gems/activerecord-3.0.4/lib/active_record/connection_adapters/abstract/query_cache.rb:28:in `cache'
/usr/local/lib/ruby/gems/1.9.1/gems/activerecord-3.0.4/lib/active_record/query_cache.rb:12:in `cache'
/usr/local/lib/ruby/gems/1.9.1/gems/activerecord-3.0.4/lib/active_record/query_cache.rb:31:in `call'
/usr/local/lib/ruby/gems/1.9.1/gems/activerecord-3.0.4/lib/active_record/connection_adapters/abstract/connection_pool.rb:354:in `call'
/usr/local/lib/ruby/gems/1.9.1/gems/actionpack-3.0.4/lib/action_dispatch/middleware/callbacks.rb:46:in `block in call'
/usr/local/lib/ruby/gems/1.9.1/gems/activesupport-3.0.4/lib/active_support/callbacks.rb:415:in `_run_call_callbacks'
/usr/local/lib/ruby/gems/1.9.1/gems/actionpack-3.0.4/lib/action_dispatch/middleware/callbacks.rb:44:in `call'
/usr/local/lib/ruby/gems/1.9.1/gems/rack-1.2.1/lib/rack/sendfile.rb:107:in `call'
/usr/local/lib/ruby/gems/1.9.1/gems/actionpack-3.0.4/lib/action_dispatch/middleware/remote_ip.rb:48:in `call'
/usr/local/lib/ruby/gems/1.9.1/gems/actionpack-3.0.4/lib/action_dispatch/middleware/show_exceptions.rb:47:in `call'
/usr/local/lib/ruby/gems/1.9.1/gems/railties-3.0.4/lib/rails/rack/logger.rb:13:in `call'
/usr/local/lib/ruby/gems/1.9.1/gems/rack-1.2.1/lib/rack/runtime.rb:17:in `call'
/usr/local/lib/ruby/gems/1.9.1/gems/activesupport-3.0.4/lib/active_support/cache/strategy/local_cache.rb:72:in `call'
/usr/local/lib/ruby/gems/1.9.1/gems/rack-1.2.1/lib/rack/lock.rb:11:in `block in call'
<internal:prelude>:10:in `synchronize'
/usr/local/lib/ruby/gems/1.9.1/gems/rack-1.2.1/lib/rack/lock.rb:11:in `call'
/usr/local/lib/ruby/gems/1.9.1/gems/actionpack-3.0.4/lib/action_dispatch/middleware/static.rb:30:in `call'
/usr/local/lib/ruby/gems/1.9.1/gems/railties-3.0.4/lib/rails/application.rb:168:in `call'
/usr/local/lib/ruby/gems/1.9.1/gems/railties-3.0.4/lib/rails/application.rb:77:in `method_missing'
/usr/local/lib/ruby/gems/1.9.1/gems/railties-3.0.4/lib/rails/rack/log_tailer.rb:14:in `call'
/usr/local/lib/ruby/gems/1.9.1/gems/rack-1.2.1/lib/rack/content_length.rb:13:in `call'
/usr/local/lib/ruby/gems/1.9.1/gems/rack-1.2.1/lib/rack/handler/webrick.rb:52:in `service'
/usr/local/lib/ruby/1.9.1/webrick/httpserver.rb:111:in `service'
/usr/local/lib/ruby/1.9.1/webrick/httpserver.rb:70:in `run'
/usr/local/lib/ruby/1.9.1/webrick/server.rb:183:in `block in start_thread'
Rendered tasks/show.html.erb within layouts/application (93.7ms)
Completed   in 151ms

ActionView::Template::Error (/Users/koichiyanagimoto/work/hinagiku/app/views/tasks/show.html.erb:2: syntax error, unexpected '<'
<div id="task_due_date">');@ou...
 ^
/Users/koichiyanagimoto/work/hinagiku/app/views/tasks/show.html.erb:3: unknown regexp options - dv
unmatched close parenthesis: /div>
<div id="task_description">');@output_buffer.append= ( #simple_format(@task.description) );@output_buffer.safe_concat('</i
/Users/koichiyanagimoto/work/hinagiku/app/views/tasks/show.html.erb:5: unterminated string meets end of file
/Users/koichiyanagimoto/work/hinagiku/app/views/tasks/show.html.erb:5: syntax error, unexpected $end, expecting ')'):
    1: <h1>Task: <%= #@task.name %></h1>
    2: <div id="task_due_date"><%= #@task.due_date %></div>
    3: <div id="task_description"><%= #simple_format(@task.description) %></div>
    4: <%= link_to "Task List", :tasks %>
  

Rendered /usr/local/lib/ruby/gems/1.9.1/gems/actionpack-3.0.4/lib/action_dispatch/middleware/templates/rescues/_trace.erb (1.4ms)
Rendered /usr/local/lib/ruby/gems/1.9.1/gems/actionpack-3.0.4/lib/action_dispatch/middleware/templates/rescues/_request_and_response.erb (37.1ms)
Rendered /usr/local/lib/ruby/gems/1.9.1/gems/actionpack-3.0.4/lib/action_dispatch/middleware/templates/rescues/template_error.erb within rescues/layout (45.1ms)


Started GET "/tasks/2" for 127.0.0.1 at 2011-05-31 18:25:36 +0900
  Processing by TasksController#show as HTML
  Parameters: {"id"=>"2"}
  [1m[36mSQL (0.5ms)[0m  [1m SELECT name
 FROM sqlite_master
 WHERE type = 'table' AND NOT name = 'sqlite_sequence'
[0m
  [1m[35mTask Load (0.2ms)[0m  SELECT "tasks".* FROM "tasks" WHERE "tasks"."id" = 2 LIMIT 1
Rendered tasks/show.html.erb within layouts/application (2.2ms)
Completed 200 OK in 59ms (Views: 7.1ms | ActiveRecord: 0.7ms)


Started GET "/tasks/new" for 127.0.0.1 at 2011-05-31 18:27:02 +0900

AbstractController::ActionNotFound (The action 'new' could not be found for TasksController):
  

Rendered /usr/local/lib/ruby/gems/1.9.1/gems/actionpack-3.0.4/lib/action_dispatch/middleware/templates/rescues/unknown_action.erb within rescues/layout (0.8ms)


Started GET "/tasks/new" for 127.0.0.1 at 2011-05-31 18:37:10 +0900
  Processing by TasksController#new as HTML
Rendered tasks/new.html.erb within layouts/application (98.6ms)
Completed 200 OK in 113ms (Views: 103.6ms | ActiveRecord: 0.0ms)


Started POST "/tasks" for 127.0.0.1 at 2011-05-31 18:38:05 +0900

AbstractController::ActionNotFound (The action 'create' could not be found for TasksController):
  

Rendered /usr/local/lib/ruby/gems/1.9.1/gems/actionpack-3.0.4/lib/action_dispatch/middleware/templates/rescues/unknown_action.erb within rescues/layout (0.8ms)


Started GET "/tasks/2" for 127.0.0.1 at 2011-06-14 18:27:05 +0900
  Processing by TasksController#show as HTML
  Parameters: {"id"=>"2"}
  [1m[36mSQL (0.5ms)[0m  [1m SELECT name
 FROM sqlite_master
 WHERE type = 'table' AND NOT name = 'sqlite_sequence'
[0m
  [1m[35mTask Load (19.8ms)[0m  SELECT "tasks".* FROM "tasks" WHERE "tasks"."id" = 2 LIMIT 1
Rendered tasks/show.html.erb within layouts/application (60.5ms)
Completed 200 OK in 248ms (Views: 130.1ms | ActiveRecord: 20.3ms)


Started GET "/tasks" for 127.0.0.1 at 2011-06-14 18:30:05 +0900
  Processing by TasksController#index as HTML
  [1m[36mTask Load (0.4ms)[0m  [1mSELECT "tasks".* FROM "tasks" WHERE "tasks"."done" = 'f'[0m
Rendered tasks/index.html.erb within layouts/application (49.5ms)
Completed 200 OK in 175ms (Views: 64.7ms | ActiveRecord: 0.4ms)


Started GET "/tasks/3" for 127.0.0.1 at 2011-06-14 18:30:07 +0900
  Processing by TasksController#show as HTML
  Parameters: {"id"=>"3"}
  [1m[35mTask Load (0.2ms)[0m  SELECT "tasks".* FROM "tasks" WHERE "tasks"."id" = 3 LIMIT 1
Rendered tasks/show.html.erb within layouts/application (41.4ms)
Completed 200 OK in 55ms (Views: 45.6ms | ActiveRecord: 0.2ms)


Started GET "/tasks" for 127.0.0.1 at 2011-06-14 18:30:09 +0900
  Processing by TasksController#index as HTML
  [1m[36mTask Load (0.4ms)[0m  [1mSELECT "tasks".* FROM "tasks" WHERE "tasks"."done" = 'f'[0m
Rendered tasks/index.html.erb within layouts/application (14.9ms)
Completed 200 OK in 28ms (Views: 19.2ms | ActiveRecord: 0.4ms)


Started GET "/tasks/new" for 127.0.0.1 at 2011-06-21 18:13:42 +0900
  Processing by TasksController#new as HTML
Rendered tasks/new.html.erb within layouts/application (61.7ms)
Completed 200 OK in 157ms (Views: 135.5ms | ActiveRecord: 0.0ms)


Started GET "/tasks/new" for 127.0.0.1 at 2011-06-21 18:27:05 +0900
  Processing by TasksController#new as HTML
Rendered tasks/new.html.erb within layouts/application (111.2ms)
Completed 200 OK in 125ms (Views: 116.0ms | ActiveRecord: 0.0ms)


Started GET "/tasks/new" for 127.0.0.1 at 2011-06-21 18:27:12 +0900
  Processing by TasksController#new as HTML
Rendered tasks/new.html.erb within layouts/application (10.8ms)
Completed 200 OK in 24ms (Views: 15.2ms | ActiveRecord: 0.0ms)


Started GET "/tasks/new" for 127.0.0.1 at 2011-06-21 18:38:11 +0900
  Processing by TasksController#new as HTML
Rendered tasks/new.html.erb within layouts/application (43.8ms)
Completed 200 OK in 58ms (Views: 48.5ms | ActiveRecord: 0.0ms)


Started GET "/tasks/2" for 127.0.0.1 at 2011-07-05 18:11:56 +0900
  Processing by TasksController#show as HTML
  Parameters: {"id"=>"2"}
  [1m[36mSQL (0.5ms)[0m  [1m SELECT name
 FROM sqlite_master
 WHERE type = 'table' AND NOT name = 'sqlite_sequence'
[0m
  [1m[35mTask Load (17.2ms)[0m  SELECT "tasks".* FROM "tasks" WHERE "tasks"."id" = 2 LIMIT 1
Rendered tasks/show.html.erb within layouts/application (71.3ms)
Completed 200 OK in 249ms (Views: 140.9ms | ActiveRecord: 17.7ms)


Started GET "/tasks" for 127.0.0.1 at 2011-07-05 18:12:01 +0900
  Processing by TasksController#index as HTML
  [1m[36mTask Load (0.4ms)[0m  [1mSELECT "tasks".* FROM "tasks" WHERE "tasks"."done" = 'f'[0m
Rendered tasks/index.html.erb within layouts/application (35.1ms)
Completed 200 OK in 201ms (Views: 58.9ms | ActiveRecord: 0.4ms)


Started GET "/tasks/new" for 127.0.0.1 at 2011-07-05 18:13:32 +0900
  Processing by TasksController#new as HTML
Rendered tasks/new.html.erb within layouts/application (177.5ms)
Completed 200 OK in 326ms (Views: 317.0ms | ActiveRecord: 0.0ms)


Started POST "/tasks" for 127.0.0.1 at 2011-07-05 18:13:36 +0900

AbstractController::ActionNotFound (The action 'create' could not be found for TasksController):
  

Rendered /usr/local/lib/ruby/gems/1.9.1/gems/actionpack-3.0.4/lib/action_dispatch/middleware/templates/rescues/unknown_action.erb within rescues/layout (0.9ms)


Started POST "/tasks" for 127.0.0.1 at 2011-07-05 18:24:59 +0900

AbstractController::ActionNotFound (The action 'create' could not be found for TasksController):
  

Rendered /usr/local/lib/ruby/gems/1.9.1/gems/actionpack-3.0.4/lib/action_dispatch/middleware/templates/rescues/unknown_action.erb within rescues/layout (0.8ms)


Started POST "/tasks" for 127.0.0.1 at 2011-07-05 18:25:18 +0900
  Processing by TasksController#create as HTML
  Parameters: {"utf8"=>"✓", "authenticity_token"=>"USpqZ4CkofJa+FGuRENSWv+nSKNOhllR2E2YgyPB0YM=", "task"=>{"name"=>"hogehoge", "due_date(1i)"=>"2011", "due_date(2i)"=>"7", "due_date(3i)"=>"5", "done"=>"0", "description"=>"gehogehoge"}, "commit"=>"submit"}
  [1m[35mAREL (0.5ms)[0m  INSERT INTO "tasks" ("name", "description", "due_date", "done", "created_at", "updated_at") VALUES ('hogehoge', 'gehogehoge', '2011-07-05', 'f', '2011-07-05 09:25:18.307080', '2011-07-05 09:25:18.307080')
Redirected to http://localhost:3000/tasks/10
Completed 302 Found in 58ms


Started GET "/tasks/10" for 127.0.0.1 at 2011-07-05 18:25:18 +0900
  Processing by TasksController#show as HTML
  Parameters: {"id"=>"10"}
  [1m[36mTask Load (0.2ms)[0m  [1mSELECT "tasks".* FROM "tasks" WHERE "tasks"."id" = 10 LIMIT 1[0m
Rendered tasks/show.html.erb within layouts/application (10.5ms)
Completed 200 OK in 23ms (Views: 14.6ms | ActiveRecord: 0.6ms)


Started GET "/tasks/2" for 127.0.0.1 at 2011-07-19 18:14:45 +0900
  Processing by TasksController#show as HTML
  Parameters: {"id"=>"2"}
  [1m[36mSQL (0.6ms)[0m  [1m SELECT name
 FROM sqlite_master
 WHERE type = 'table' AND NOT name = 'sqlite_sequence'
[0m
  [1m[35mTask Load (19.7ms)[0m  SELECT "tasks".* FROM "tasks" WHERE "tasks"."id" = 2 LIMIT 1
Rendered tasks/show.html.erb within layouts/application (522.9ms)
Completed 200 OK in 724ms (Views: 604.2ms | ActiveRecord: 20.2ms)


Started GET "/tasks" for 127.0.0.1 at 2011-07-19 18:14:50 +0900
  Processing by TasksController#index as HTML
  [1m[36mTask Load (0.4ms)[0m  [1mSELECT "tasks".* FROM "tasks" WHERE "tasks"."done" = 'f'[0m
Rendered tasks/index.html.erb within layouts/application (46.2ms)
Completed 200 OK in 134ms (Views: 64.8ms | ActiveRecord: 0.4ms)


Started GET "/tasks/new" for 127.0.0.1 at 2011-07-19 18:14:52 +0900
  Processing by TasksController#new as HTML
Rendered tasks/new.html.erb within layouts/application (66.7ms)
Completed 200 OK in 127ms (Views: 85.2ms | ActiveRecord: 0.0ms)


Started POST "/tasks" for 127.0.0.1 at 2011-07-19 18:15:00 +0900
  Processing by TasksController#create as HTML
  Parameters: {"utf8"=>"✓", "authenticity_token"=>"hBeXnasfm9HLRsH03h0AFv0U0Q2Uk79iqDM6li0aZbc=", "task"=>{"name"=>"aaaaaa", "due_date(1i)"=>"2011", "due_date(2i)"=>"7", "due_date(3i)"=>"19", "done"=>"0", "description"=>"aaaaaaaaaaaaaa"}, "commit"=>"submit"}
  [1m[35mAREL (0.5ms)[0m  INSERT INTO "tasks" ("name", "description", "due_date", "done", "created_at", "updated_at") VALUES ('aaaaaa', 'aaaaaaaaaaaaaa', '2011-07-19', 'f', '2011-07-19 09:15:00.415748', '2011-07-19 09:15:00.415748')
Redirected to http://localhost:3000/tasks/11
Completed 302 Found in 27ms


Started GET "/tasks/11" for 127.0.0.1 at 2011-07-19 18:15:00 +0900
  Processing by TasksController#show as HTML
  Parameters: {"id"=>"11"}
  [1m[36mTask Load (0.2ms)[0m  [1mSELECT "tasks".* FROM "tasks" WHERE "tasks"."id" = 11 LIMIT 1[0m
Rendered tasks/show.html.erb within layouts/application (10.3ms)
Completed 200 OK in 65ms (Views: 54.2ms | ActiveRecord: 0.2ms)


Started GET "/tasks" for 127.0.0.1 at 2011-07-19 18:21:53 +0900
  Processing by TasksController#index as HTML
  [1m[35mTask Load (28.3ms)[0m  SELECT "tasks".* FROM "tasks" WHERE "tasks"."done" = 'f'
Rendered tasks/index.html.erb within layouts/application (79.4ms)
Completed 200 OK in 95ms (Views: 55.7ms | ActiveRecord: 28.3ms)


Started GET "/tasks/2/edit" for 127.0.0.1 at 2011-07-19 18:21:55 +0900
  Processing by TasksController#edit as HTML
  Parameters: {"id"=>"2"}
  [1m[36mTask Load (0.3ms)[0m  [1mSELECT "tasks".* FROM "tasks" WHERE "tasks"."id" = 2 LIMIT 1[0m
Rendered tasks/edit.html.erb within layouts/application (27.2ms)
Completed 200 OK in 113ms (Views: 102.3ms | ActiveRecord: 0.3ms)
